[2020-10-14 11:46:58]
        Текст ошибки: Страница не найдена |
        Файл: W:\domains\open-cms\public\index.php |
        Строка: 4 
=================
[2020-10-14 11:47:51]
        Текст ошибки: Страница не найдена |
        Файл: W:\domains\open-cms\public\index.php |
        Строка: 4 
=================
[2020-10-14 11:48:08]
        Текст ошибки: Страница не найдена |
        Файл: W:\domains\open-cms\public\index.php |
        Строка: 4 
=================
[2020-10-14 11:52:00]
        Текст ошибки: Страница не найдена |
        Файл: W:\domains\open-cms\public\index.php |
        Строка: 4 
=================
[2020-10-14 11:52:35]
        Текст ошибки: Страница не найдена |
        Файл: W:\domains\open-cms\public\index.php |
        Строка: 4 
=================
[2020-10-14 11:52:56]
        Текст ошибки: Страница не найдена |
        Файл: W:\domains\open-cms\public\index.php |
        Строка: 4 
=================
[2020-10-14 11:53:06]
        Текст ошибки: Страница не найдена |
        Файл: W:\domains\open-cms\public\index.php |
        Строка: 4 
=================
[2020-10-14 11:53:23]
        Текст ошибки: Страница не найдена |
        Файл: W:\domains\open-cms\public\index.php |
        Строка: 4 
=================
